[2017-04-20 15:22:29] main.INFO: Item Magento_Backend::system_currency was removed [] []
[2017-04-20 15:22:29] main.INFO: Add of item with id Magento_Theme::system_design_theme was processed [] []
[2017-04-20 15:22:29] main.INFO: Add of item with id Magento_Backend::system_design_schedule was processed [] []
[2017-04-20 15:22:29] main.INFO: Add of item with id Magento_Backend::system_store was processed [] []
[2017-04-20 15:22:29] main.INFO: Add of item with id Magento_Backend::dashboard was processed [] []
[2017-04-20 15:22:29] main.INFO: Add of item with id Magento_Backend::system was processed [] []
[2017-04-20 15:22:29] main.INFO: Add of item with id Magento_Backend::system_tools was processed [] []
[2017-04-20 15:22:29] main.INFO: Add of item with id Magento_Backend::system_design was processed [] []
[2017-04-20 15:22:29] main.INFO: Add of item with id Magento_Backend::system_convert was processed [] []
[2017-04-20 15:22:29] main.INFO: Add of item with id Magento_Backend::system_cache was processed [] []
[2017-04-20 15:22:29] main.INFO: Add of item with id Magento_Backend::marketing was processed [] []
[2017-04-20 15:22:29] main.INFO: Add of item with id Magento_Backend::marketing_communications was processed [] []
[2017-04-20 15:22:29] main.INFO: Add of item with id Magento_Backend::marketing_seo was processed [] []
[2017-04-20 15:22:29] main.INFO: Add of item with id Magento_Backend::marketing_user_content was processed [] []
[2017-04-20 15:22:29] main.INFO: Add of item with id Magento_Backend::content was processed [] []
[2017-04-20 15:22:29] main.INFO: Add of item with id Magento_Backend::content_elements was processed [] []
[2017-04-20 15:22:29] main.INFO: Add of item with id Magento_Backend::stores was processed [] []
[2017-04-20 15:22:29] main.INFO: Add of item with id Magento_Backend::stores_settings was processed [] []
[2017-04-20 15:22:29] main.INFO: Add of item with id Magento_Backend::stores_attributes was processed [] []
[2017-04-20 15:22:29] main.INFO: Add of item with id Magento_Backend::other_settings was processed [] []
[2017-04-20 15:22:29] main.INFO: Add of item with id Magento_Backend::system_other_settings was processed [] []
[2017-04-20 15:22:29] main.INFO: Add of item with id Magento_Backend::setup_wizard was processed [] []
[2017-04-20 15:22:29] main.INFO: Add of item with id Magento_Backup::system_tools_backup was processed [] []
[2017-04-20 15:22:29] main.INFO: Add of item with id Magento_Customer::customer was processed [] []
[2017-04-20 15:22:29] main.INFO: Add of item with id Magento_Customer::customer_manage was processed [] []
[2017-04-20 15:22:29] main.INFO: Add of item with id Magento_Customer::customer_online was processed [] []
[2017-04-20 15:22:29] main.INFO: Add of item with id Magento_Customer::customer_group was processed [] []
[2017-04-20 15:22:29] main.INFO: Add of item with id Magento_AdminNotification::system_adminnotification was processed [] []
[2017-04-20 15:22:29] main.INFO: Add of item with id Magento_Indexer::system_index was processed [] []
[2017-04-20 15:22:29] main.INFO: Add of item with id Magento_Cms::cms_page was processed [] []
[2017-04-20 15:22:29] main.INFO: Add of item with id Magento_Cms::cms_block was processed [] []
[2017-04-20 15:22:29] main.INFO: Add of item with id Magento_Catalog::catalog was processed [] []
[2017-04-20 15:22:29] main.INFO: Add of item with id Magento_Catalog::catalog_products was processed [] []
[2017-04-20 15:22:29] main.INFO: Add of item with id Magento_Catalog::catalog_categories was processed [] []
[2017-04-20 15:22:29] main.INFO: Add of item with id Magento_Catalog::catalog_attributes_attributes was processed [] []
[2017-04-20 15:22:29] main.INFO: Add of item with id Magento_Catalog::catalog_attributes_sets was processed [] []
[2017-04-20 15:22:29] main.INFO: Add of item with id Magento_Catalog::inventory was processed [] []
[2017-04-20 15:22:29] main.INFO: Add of item with id Magento_Search::search_terms was processed [] []
[2017-04-20 15:22:29] main.INFO: Add of item with id Magento_Widget::cms_widget_instance was processed [] []
[2017-04-20 15:22:29] main.INFO: Add of item with id Magento_CheckoutAgreements::sales_checkoutagreement was processed [] []
[2017-04-20 15:22:29] main.INFO: Add of item with id Magento_Config::system_config was processed [] []
[2017-04-20 15:22:29] main.INFO: Add of item with id Magento_CurrencySymbol::system_currency was processed [] []
[2017-04-20 15:22:29] main.INFO: Add of item with id Magento_CurrencySymbol::system_currency_rates was processed [] []
[2017-04-20 15:22:29] main.INFO: Add of item with id Magento_CurrencySymbol::system_currency_symbols was processed [] []
[2017-04-20 15:22:29] main.INFO: Add of item with id Magento_Downloadable::report_products_downloads was processed [] []
[2017-04-20 15:22:29] main.INFO: Add of item with id Magento_ImportExport::system_convert_import was processed [] []
[2017-04-20 15:22:29] main.INFO: Add of item with id Magento_ImportExport::system_convert_export was processed [] []
[2017-04-20 15:22:29] main.INFO: Add of item with id Magento_ImportExport::system_convert_history was processed [] []
[2017-04-20 15:22:29] main.INFO: Add of item with id Magento_Email::template was processed [] []
[2017-04-20 15:22:29] main.INFO: Add of item with id Magento_User::system_acl was processed [] []
[2017-04-20 15:22:29] main.INFO: Add of item with id Magento_User::system_acl_users was processed [] []
[2017-04-20 15:22:29] main.INFO: Add of item with id Magento_User::system_acl_roles was processed [] []
[2017-04-20 15:22:29] main.INFO: Add of item with id Magento_User::system_acl_locks was processed [] []
[2017-04-20 15:22:29] main.INFO: Add of item with id Magento_Sales::sales was processed [] []
[2017-04-20 15:22:29] main.INFO: Add of item with id Magento_Sales::sales_operation was processed [] []
[2017-04-20 15:22:29] main.INFO: Add of item with id Magento_Sales::sales_order was processed [] []
[2017-04-20 15:22:29] main.INFO: Add of item with id Magento_Sales::sales_invoice was processed [] []
[2017-04-20 15:22:29] main.INFO: Add of item with id Magento_Sales::sales_shipment was processed [] []
[2017-04-20 15:22:29] main.INFO: Add of item with id Magento_Sales::sales_creditmemo was processed [] []
[2017-04-20 15:22:29] main.INFO: Add of item with id Magento_Sales::sales_transactions was processed [] []
[2017-04-20 15:22:29] main.INFO: Add of item with id Magento_Sales::system_order_statuses was processed [] []
[2017-04-20 15:22:29] main.INFO: Add of item with id Magento_Integration::system_extensions was processed [] []
[2017-04-20 15:22:29] main.INFO: Add of item with id Magento_Integration::system_integrations was processed [] []
[2017-04-20 15:22:29] main.INFO: Add of item with id Magento_Marketplace::partners was processed [] []
[2017-04-20 15:22:29] main.INFO: Add of item with id Magento_CatalogRule::promo was processed [] []
[2017-04-20 15:22:29] main.INFO: Add of item with id Magento_CatalogRule::promo_catalog was processed [] []
[2017-04-20 15:22:29] main.INFO: Add of item with id Magento_Newsletter::newsletter_template was processed [] []
[2017-04-20 15:22:29] main.INFO: Add of item with id Magento_Newsletter::newsletter_queue was processed [] []
[2017-04-20 15:22:29] main.INFO: Add of item with id Magento_Newsletter::newsletter_subscriber was processed [] []
[2017-04-20 15:22:29] main.INFO: Add of item with id Magento_Newsletter::newsletter_problem was processed [] []
[2017-04-20 15:22:29] main.INFO: Add of item with id Magento_SalesRule::promo_quote was processed [] []
[2017-04-20 15:22:29] main.INFO: Add of item with id Magento_Paypal::report_salesroot_paypal_settlement_reports was processed [] []
[2017-04-20 15:22:29] main.INFO: Add of item with id Magento_Paypal::paypal_billing_agreement was processed [] []
[2017-04-20 15:22:29] main.INFO: Add of item with id Magento_Reports::report was processed [] []
[2017-04-20 15:22:29] main.INFO: Add of item with id Magento_Reports::report_marketing was processed [] []
[2017-04-20 15:22:29] main.INFO: Add of item with id Magento_Reports::report_salesroot was processed [] []
[2017-04-20 15:22:29] main.INFO: Add of item with id Magento_Reports::report_salesroot_sales was processed [] []
[2017-04-20 15:22:29] main.INFO: Add of item with id Magento_Reports::report_salesroot_tax was processed [] []
[2017-04-20 15:22:29] main.INFO: Add of item with id Magento_Reports::report_salesroot_invoiced was processed [] []
[2017-04-20 15:22:29] main.INFO: Add of item with id Magento_Reports::report_salesroot_shipping was processed [] []
[2017-04-20 15:22:29] main.INFO: Add of item with id Magento_Reports::report_salesroot_refunded was processed [] []
[2017-04-20 15:22:29] main.INFO: Add of item with id Magento_Reports::report_salesroot_coupons was processed [] []
[2017-04-20 15:22:29] main.INFO: Add of item with id Magento_Reports::report_shopcart_product was processed [] []
[2017-04-20 15:22:29] main.INFO: Add of item with id Magento_Reports::report_shopcart_abandoned was processed [] []
[2017-04-20 15:22:29] main.INFO: Add of item with id Magento_Reports::report_products was processed [] []
[2017-04-20 15:22:29] main.INFO: Add of item with id Magento_Reports::report_products_bestsellers was processed [] []
[2017-04-20 15:22:29] main.INFO: Add of item with id Magento_Reports::report_products_sold was processed [] []
[2017-04-20 15:22:29] main.INFO: Add of item with id Magento_Reports::report_products_viewed was processed [] []
[2017-04-20 15:22:29] main.INFO: Add of item with id Magento_Reports::report_products_lowstock was processed [] []
[2017-04-20 15:22:29] main.INFO: Add of item with id Magento_Reports::report_customers was processed [] []
[2017-04-20 15:22:29] main.INFO: Add of item with id Magento_Reports::report_customers_accounts was processed [] []
[2017-04-20 15:22:29] main.INFO: Add of item with id Magento_Reports::report_customers_totals was processed [] []
[2017-04-20 15:22:29] main.INFO: Add of item with id Magento_Reports::report_customers_orders was processed [] []
[2017-04-20 15:22:29] main.INFO: Add of item with id Magento_Reports::report_statistics was processed [] []
[2017-04-20 15:22:29] main.INFO: Add of item with id Magento_Reports::report_statistics_refresh was processed [] []
[2017-04-20 15:22:29] main.INFO: Add of item with id Magento_Search::report_search_term was processed [] []
[2017-04-20 15:22:29] main.INFO: Add of item with id Magento_Review::catalog_reviews_ratings_ratings was processed [] []
[2017-04-20 15:22:29] main.INFO: Add of item with id Magento_Review::catalog_reviews_ratings_reviews_all was processed [] []
[2017-04-20 15:22:29] main.INFO: Add of item with id Magento_Review::report_review was processed [] []
[2017-04-20 15:22:29] main.INFO: Add of item with id Magento_Review::report_review_customer was processed [] []
[2017-04-20 15:22:29] main.INFO: Add of item with id Magento_Review::report_review_product was processed [] []
[2017-04-20 15:22:29] main.INFO: Add of item with id Magento_Sitemap::catalog_sitemap was processed [] []
[2017-04-20 15:22:29] main.INFO: Add of item with id Magento_Tax::sales_tax was processed [] []
[2017-04-20 15:22:29] main.INFO: Add of item with id Magento_Tax::sales_tax_rules was processed [] []
[2017-04-20 15:22:29] main.INFO: Add of item with id Magento_Tax::sales_tax_rates was processed [] []
[2017-04-20 15:22:29] main.INFO: Add of item with id Magento_TaxImportExport::system_convert_tax was processed [] []
[2017-04-20 15:22:29] main.INFO: Add of item with id Magento_UrlRewrite::urlrewrite was processed [] []
[2017-04-20 15:22:29] main.INFO: Add of item with id Magento_EncryptionKey::system_crypt_key was processed [] []
[2017-04-20 15:22:29] main.INFO: Add of item with id Magento_Variable::system_variable was processed [] []
[2017-04-20 15:39:26] main.INFO: Item Magento_Backend::system_currency was removed [] []
[2017-04-20 15:39:26] main.INFO: Add of item with id Magento_Theme::system_design_theme was processed [] []
[2017-04-20 15:39:26] main.INFO: Add of item with id Magento_Backend::system_design_schedule was processed [] []
[2017-04-20 15:39:26] main.INFO: Add of item with id Magento_Backend::system_store was processed [] []
[2017-04-20 15:39:26] main.INFO: Add of item with id Magento_Backend::dashboard was processed [] []
[2017-04-20 15:39:26] main.INFO: Add of item with id Magento_Backend::system was processed [] []
[2017-04-20 15:39:26] main.INFO: Add of item with id Magento_Backend::system_tools was processed [] []
[2017-04-20 15:39:26] main.INFO: Add of item with id Magento_Backend::system_design was processed [] []
[2017-04-20 15:39:26] main.INFO: Add of item with id Magento_Backend::system_convert was processed [] []
[2017-04-20 15:39:26] main.INFO: Add of item with id Magento_Backend::system_cache was processed [] []
[2017-04-20 15:39:26] main.INFO: Add of item with id Magento_Backend::marketing was processed [] []
[2017-04-20 15:39:26] main.INFO: Add of item with id Magento_Backend::marketing_communications was processed [] []
[2017-04-20 15:39:26] main.INFO: Add of item with id Magento_Backend::marketing_seo was processed [] []
[2017-04-20 15:39:26] main.INFO: Add of item with id Magento_Backend::marketing_user_content was processed [] []
[2017-04-20 15:39:26] main.INFO: Add of item with id Magento_Backend::content was processed [] []
[2017-04-20 15:39:26] main.INFO: Add of item with id Magento_Backend::content_elements was processed [] []
[2017-04-20 15:39:26] main.INFO: Add of item with id Magento_Backend::stores was processed [] []
[2017-04-20 15:39:26] main.INFO: Add of item with id Magento_Backend::stores_settings was processed [] []
[2017-04-20 15:39:26] main.INFO: Add of item with id Magento_Backend::stores_attributes was processed [] []
[2017-04-20 15:39:26] main.INFO: Add of item with id Magento_Backend::other_settings was processed [] []
[2017-04-20 15:39:26] main.INFO: Add of item with id Magento_Backend::system_other_settings was processed [] []
[2017-04-20 15:39:26] main.INFO: Add of item with id Magento_Backend::setup_wizard was processed [] []
[2017-04-20 15:39:26] main.INFO: Add of item with id Magento_Backup::system_tools_backup was processed [] []
[2017-04-20 15:39:26] main.INFO: Add of item with id Magento_Customer::customer was processed [] []
[2017-04-20 15:39:26] main.INFO: Add of item with id Magento_Customer::customer_manage was processed [] []
[2017-04-20 15:39:26] main.INFO: Add of item with id Magento_Customer::customer_online was processed [] []
[2017-04-20 15:39:26] main.INFO: Add of item with id Magento_Customer::customer_group was processed [] []
[2017-04-20 15:39:26] main.INFO: Add of item with id Magento_AdminNotification::system_adminnotification was processed [] []
[2017-04-20 15:39:26] main.INFO: Add of item with id Magento_Indexer::system_index was processed [] []
[2017-04-20 15:39:26] main.INFO: Add of item with id Magento_Cms::cms_page was processed [] []
[2017-04-20 15:39:26] main.INFO: Add of item with id Magento_Cms::cms_block was processed [] []
[2017-04-20 15:39:26] main.INFO: Add of item with id Magento_Catalog::catalog was processed [] []
[2017-04-20 15:39:26] main.INFO: Add of item with id Magento_Catalog::catalog_products was processed [] []
[2017-04-20 15:39:26] main.INFO: Add of item with id Magento_Catalog::catalog_categories was processed [] []
[2017-04-20 15:39:26] main.INFO: Add of item with id Magento_Catalog::catalog_attributes_attributes was processed [] []
[2017-04-20 15:39:26] main.INFO: Add of item with id Magento_Catalog::catalog_attributes_sets was processed [] []
[2017-04-20 15:39:26] main.INFO: Add of item with id Magento_Catalog::inventory was processed [] []
[2017-04-20 15:39:26] main.INFO: Add of item with id Magento_Search::search_terms was processed [] []
[2017-04-20 15:39:26] main.INFO: Add of item with id Magento_Widget::cms_widget_instance was processed [] []
[2017-04-20 15:39:26] main.INFO: Add of item with id Magento_CheckoutAgreements::sales_checkoutagreement was processed [] []
[2017-04-20 15:39:26] main.INFO: Add of item with id Magento_Config::system_config was processed [] []
[2017-04-20 15:39:26] main.INFO: Add of item with id Magento_CurrencySymbol::system_currency was processed [] []
[2017-04-20 15:39:26] main.INFO: Add of item with id Magento_CurrencySymbol::system_currency_rates was processed [] []
[2017-04-20 15:39:26] main.INFO: Add of item with id Magento_CurrencySymbol::system_currency_symbols was processed [] []
[2017-04-20 15:39:26] main.INFO: Add of item with id Magento_Downloadable::report_products_downloads was processed [] []
[2017-04-20 15:39:26] main.INFO: Add of item with id Magento_ImportExport::system_convert_import was processed [] []
[2017-04-20 15:39:26] main.INFO: Add of item with id Magento_ImportExport::system_convert_export was processed [] []
[2017-04-20 15:39:26] main.INFO: Add of item with id Magento_ImportExport::system_convert_history was processed [] []
[2017-04-20 15:39:26] main.INFO: Add of item with id Magento_Email::template was processed [] []
[2017-04-20 15:39:26] main.INFO: Add of item with id Magento_User::system_acl was processed [] []
[2017-04-20 15:39:26] main.INFO: Add of item with id Magento_User::system_acl_users was processed [] []
[2017-04-20 15:39:26] main.INFO: Add of item with id Magento_User::system_acl_roles was processed [] []
[2017-04-20 15:39:26] main.INFO: Add of item with id Magento_User::system_acl_locks was processed [] []
[2017-04-20 15:39:26] main.INFO: Add of item with id Magento_Sales::sales was processed [] []
[2017-04-20 15:39:26] main.INFO: Add of item with id Magento_Sales::sales_operation was processed [] []
[2017-04-20 15:39:26] main.INFO: Add of item with id Magento_Sales::sales_order was processed [] []
[2017-04-20 15:39:26] main.INFO: Add of item with id Magento_Sales::sales_invoice was processed [] []
[2017-04-20 15:39:26] main.INFO: Add of item with id Magento_Sales::sales_shipment was processed [] []
[2017-04-20 15:39:26] main.INFO: Add of item with id Magento_Sales::sales_creditmemo was processed [] []
[2017-04-20 15:39:26] main.INFO: Add of item with id Magento_Sales::sales_transactions was processed [] []
[2017-04-20 15:39:26] main.INFO: Add of item with id Magento_Sales::system_order_statuses was processed [] []
[2017-04-20 15:39:26] main.INFO: Add of item with id Magento_Integration::system_extensions was processed [] []
[2017-04-20 15:39:26] main.INFO: Add of item with id Magento_Integration::system_integrations was processed [] []
[2017-04-20 15:39:26] main.INFO: Add of item with id Magento_Marketplace::partners was processed [] []
[2017-04-20 15:39:26] main.INFO: Add of item with id Magento_CatalogRule::promo was processed [] []
[2017-04-20 15:39:26] main.INFO: Add of item with id Magento_CatalogRule::promo_catalog was processed [] []
[2017-04-20 15:39:26] main.INFO: Add of item with id Magento_Newsletter::newsletter_template was processed [] []
[2017-04-20 15:39:26] main.INFO: Add of item with id Magento_Newsletter::newsletter_queue was processed [] []
[2017-04-20 15:39:26] main.INFO: Add of item with id Magento_Newsletter::newsletter_subscriber was processed [] []
[2017-04-20 15:39:26] main.INFO: Add of item with id Magento_Newsletter::newsletter_problem was processed [] []
[2017-04-20 15:39:26] main.INFO: Add of item with id Magento_SalesRule::promo_quote was processed [] []
[2017-04-20 15:39:26] main.INFO: Add of item with id Magento_Paypal::report_salesroot_paypal_settlement_reports was processed [] []
[2017-04-20 15:39:26] main.INFO: Add of item with id Magento_Paypal::paypal_billing_agreement was processed [] []
[2017-04-20 15:39:26] main.INFO: Add of item with id Magento_Reports::report was processed [] []
[2017-04-20 15:39:26] main.INFO: Add of item with id Magento_Reports::report_marketing was processed [] []
[2017-04-20 15:39:26] main.INFO: Add of item with id Magento_Reports::report_salesroot was processed [] []
[2017-04-20 15:39:26] main.INFO: Add of item with id Magento_Reports::report_salesroot_sales was processed [] []
[2017-04-20 15:39:26] main.INFO: Add of item with id Magento_Reports::report_salesroot_tax was processed [] []
[2017-04-20 15:39:26] main.INFO: Add of item with id Magento_Reports::report_salesroot_invoiced was processed [] []
[2017-04-20 15:39:26] main.INFO: Add of item with id Magento_Reports::report_salesroot_shipping was processed [] []
[2017-04-20 15:39:26] main.INFO: Add of item with id Magento_Reports::report_salesroot_refunded was processed [] []
[2017-04-20 15:39:26] main.INFO: Add of item with id Magento_Reports::report_salesroot_coupons was processed [] []
[2017-04-20 15:39:26] main.INFO: Add of item with id Magento_Reports::report_shopcart_product was processed [] []
[2017-04-20 15:39:26] main.INFO: Add of item with id Magento_Reports::report_shopcart_abandoned was processed [] []
[2017-04-20 15:39:26] main.INFO: Add of item with id Magento_Reports::report_products was processed [] []
[2017-04-20 15:39:26] main.INFO: Add of item with id Magento_Reports::report_products_bestsellers was processed [] []
[2017-04-20 15:39:26] main.INFO: Add of item with id Magento_Reports::report_products_sold was processed [] []
[2017-04-20 15:39:26] main.INFO: Add of item with id Magento_Reports::report_products_viewed was processed [] []
[2017-04-20 15:39:26] main.INFO: Add of item with id Magento_Reports::report_products_lowstock was processed [] []
[2017-04-20 15:39:26] main.INFO: Add of item with id Magento_Reports::report_customers was processed [] []
[2017-04-20 15:39:26] main.INFO: Add of item with id Magento_Reports::report_customers_accounts was processed [] []
[2017-04-20 15:39:26] main.INFO: Add of item with id Magento_Reports::report_customers_totals was processed [] []
[2017-04-20 15:39:26] main.INFO: Add of item with id Magento_Reports::report_customers_orders was processed [] []
[2017-04-20 15:39:26] main.INFO: Add of item with id Magento_Reports::report_statistics was processed [] []
[2017-04-20 15:39:26] main.INFO: Add of item with id Magento_Reports::report_statistics_refresh was processed [] []
[2017-04-20 15:39:26] main.INFO: Add of item with id Magento_Search::report_search_term was processed [] []
[2017-04-20 15:39:26] main.INFO: Add of item with id Magento_Review::catalog_reviews_ratings_ratings was processed [] []
[2017-04-20 15:39:26] main.INFO: Add of item with id Magento_Review::catalog_reviews_ratings_reviews_all was processed [] []
[2017-04-20 15:39:26] main.INFO: Add of item with id Magento_Review::report_review was processed [] []
[2017-04-20 15:39:26] main.INFO: Add of item with id Magento_Review::report_review_customer was processed [] []
[2017-04-20 15:39:26] main.INFO: Add of item with id Magento_Review::report_review_product was processed [] []
[2017-04-20 15:39:26] main.INFO: Add of item with id Magento_Sitemap::catalog_sitemap was processed [] []
[2017-04-20 15:39:26] main.INFO: Add of item with id Magento_Tax::sales_tax was processed [] []
[2017-04-20 15:39:26] main.INFO: Add of item with id Magento_Tax::sales_tax_rules was processed [] []
[2017-04-20 15:39:26] main.INFO: Add of item with id Magento_Tax::sales_tax_rates was processed [] []
[2017-04-20 15:39:26] main.INFO: Add of item with id Magento_TaxImportExport::system_convert_tax was processed [] []
[2017-04-20 15:39:26] main.INFO: Add of item with id Magento_UrlRewrite::urlrewrite was processed [] []
[2017-04-20 15:39:26] main.INFO: Add of item with id Magento_EncryptionKey::system_crypt_key was processed [] []
[2017-04-20 15:39:26] main.INFO: Add of item with id Magento_Variable::system_variable was processed [] []
[2017-04-20 15:40:13] main.INFO: Item Magento_Backend::system_currency was removed [] []
[2017-04-20 15:40:13] main.INFO: Add of item with id Magento_Theme::system_design_theme was processed [] []
[2017-04-20 15:40:13] main.INFO: Add of item with id Magento_Backend::system_design_schedule was processed [] []
[2017-04-20 15:40:13] main.INFO: Add of item with id Magento_Backend::system_store was processed [] []
[2017-04-20 15:40:13] main.INFO: Add of item with id Magento_Backend::dashboard was processed [] []
[2017-04-20 15:40:13] main.INFO: Add of item with id Magento_Backend::system was processed [] []
[2017-04-20 15:40:13] main.INFO: Add of item with id Magento_Backend::system_tools was processed [] []
[2017-04-20 15:40:13] main.INFO: Add of item with id Magento_Backend::system_design was processed [] []
[2017-04-20 15:40:13] main.INFO: Add of item with id Magento_Backend::system_convert was processed [] []
[2017-04-20 15:40:13] main.INFO: Add of item with id Magento_Backend::system_cache was processed [] []
[2017-04-20 15:40:13] main.INFO: Add of item with id Magento_Backend::marketing was processed [] []
[2017-04-20 15:40:13] main.INFO: Add of item with id Magento_Backend::marketing_communications was processed [] []
[2017-04-20 15:40:13] main.INFO: Add of item with id Magento_Backend::marketing_seo was processed [] []
[2017-04-20 15:40:13] main.INFO: Add of item with id Magento_Backend::marketing_user_content was processed [] []
[2017-04-20 15:40:13] main.INFO: Add of item with id Magento_Backend::content was processed [] []
[2017-04-20 15:40:13] main.INFO: Add of item with id Magento_Backend::content_elements was processed [] []
[2017-04-20 15:40:13] main.INFO: Add of item with id Magento_Backend::stores was processed [] []
[2017-04-20 15:40:13] main.INFO: Add of item with id Magento_Backend::stores_settings was processed [] []
[2017-04-20 15:40:13] main.INFO: Add of item with id Magento_Backend::stores_attributes was processed [] []
[2017-04-20 15:40:13] main.INFO: Add of item with id Magento_Backend::other_settings was processed [] []
[2017-04-20 15:40:13] main.INFO: Add of item with id Magento_Backend::system_other_settings was processed [] []
[2017-04-20 15:40:13] main.INFO: Add of item with id Magento_Backend::setup_wizard was processed [] []
[2017-04-20 15:40:13] main.INFO: Add of item with id Magento_Backup::system_tools_backup was processed [] []
[2017-04-20 15:40:13] main.INFO: Add of item with id Magento_Customer::customer was processed [] []
[2017-04-20 15:40:13] main.INFO: Add of item with id Magento_Customer::customer_manage was processed [] []
[2017-04-20 15:40:13] main.INFO: Add of item with id Magento_Customer::customer_online was processed [] []
[2017-04-20 15:40:13] main.INFO: Add of item with id Magento_Customer::customer_group was processed [] []
[2017-04-20 15:40:13] main.INFO: Add of item with id Magento_AdminNotification::system_adminnotification was processed [] []
[2017-04-20 15:40:13] main.INFO: Add of item with id Magento_Indexer::system_index was processed [] []
[2017-04-20 15:40:13] main.INFO: Add of item with id Magento_Cms::cms_page was processed [] []
[2017-04-20 15:40:13] main.INFO: Add of item with id Magento_Cms::cms_block was processed [] []
[2017-04-20 15:40:13] main.INFO: Add of item with id Magento_Catalog::catalog was processed [] []
[2017-04-20 15:40:13] main.INFO: Add of item with id Magento_Catalog::catalog_products was processed [] []
[2017-04-20 15:40:13] main.INFO: Add of item with id Magento_Catalog::catalog_categories was processed [] []
[2017-04-20 15:40:13] main.INFO: Add of item with id Magento_Catalog::catalog_attributes_attributes was processed [] []
[2017-04-20 15:40:13] main.INFO: Add of item with id Magento_Catalog::catalog_attributes_sets was processed [] []
[2017-04-20 15:40:13] main.INFO: Add of item with id Magento_Catalog::inventory was processed [] []
[2017-04-20 15:40:13] main.INFO: Add of item with id Magento_Search::search_terms was processed [] []
[2017-04-20 15:40:13] main.INFO: Add of item with id Magento_Widget::cms_widget_instance was processed [] []
[2017-04-20 15:40:13] main.INFO: Add of item with id Magento_CheckoutAgreements::sales_checkoutagreement was processed [] []
[2017-04-20 15:40:13] main.INFO: Add of item with id Magento_Config::system_config was processed [] []
[2017-04-20 15:40:13] main.INFO: Add of item with id Magento_CurrencySymbol::system_currency was processed [] []
[2017-04-20 15:40:13] main.INFO: Add of item with id Magento_CurrencySymbol::system_currency_rates was processed [] []
[2017-04-20 15:40:13] main.INFO: Add of item with id Magento_CurrencySymbol::system_currency_symbols was processed [] []
[2017-04-20 15:40:13] main.INFO: Add of item with id Magento_Downloadable::report_products_downloads was processed [] []
[2017-04-20 15:40:13] main.INFO: Add of item with id Magento_ImportExport::system_convert_import was processed [] []
[2017-04-20 15:40:13] main.INFO: Add of item with id Magento_ImportExport::system_convert_export was processed [] []
[2017-04-20 15:40:13] main.INFO: Add of item with id Magento_ImportExport::system_convert_history was processed [] []
[2017-04-20 15:40:13] main.INFO: Add of item with id Magento_Email::template was processed [] []
[2017-04-20 15:40:13] main.INFO: Add of item with id Magento_User::system_acl was processed [] []
[2017-04-20 15:40:13] main.INFO: Add of item with id Magento_User::system_acl_users was processed [] []
[2017-04-20 15:40:13] main.INFO: Add of item with id Magento_User::system_acl_roles was processed [] []
[2017-04-20 15:40:13] main.INFO: Add of item with id Magento_User::system_acl_locks was processed [] []
[2017-04-20 15:40:13] main.INFO: Add of item with id Magento_Sales::sales was processed [] []
[2017-04-20 15:40:13] main.INFO: Add of item with id Magento_Sales::sales_operation was processed [] []
[2017-04-20 15:40:13] main.INFO: Add of item with id Magento_Sales::sales_order was processed [] []
[2017-04-20 15:40:13] main.INFO: Add of item with id Magento_Sales::sales_invoice was processed [] []
[2017-04-20 15:40:13] main.INFO: Add of item with id Magento_Sales::sales_shipment was processed [] []
[2017-04-20 15:40:13] main.INFO: Add of item with id Magento_Sales::sales_creditmemo was processed [] []
[2017-04-20 15:40:13] main.INFO: Add of item with id Magento_Sales::sales_transactions was processed [] []
[2017-04-20 15:40:13] main.INFO: Add of item with id Magento_Sales::system_order_statuses was processed [] []
[2017-04-20 15:40:13] main.INFO: Add of item with id Magento_Integration::system_extensions was processed [] []
[2017-04-20 15:40:13] main.INFO: Add of item with id Magento_Integration::system_integrations was processed [] []
[2017-04-20 15:40:13] main.INFO: Add of item with id Magento_Marketplace::partners was processed [] []
[2017-04-20 15:40:13] main.INFO: Add of item with id Magento_CatalogRule::promo was processed [] []
[2017-04-20 15:40:13] main.INFO: Add of item with id Magento_CatalogRule::promo_catalog was processed [] []
[2017-04-20 15:40:13] main.INFO: Add of item with id Magento_Newsletter::newsletter_template was processed [] []
[2017-04-20 15:40:13] main.INFO: Add of item with id Magento_Newsletter::newsletter_queue was processed [] []
[2017-04-20 15:40:13] main.INFO: Add of item with id Magento_Newsletter::newsletter_subscriber was processed [] []
[2017-04-20 15:40:13] main.INFO: Add of item with id Magento_Newsletter::newsletter_problem was processed [] []
[2017-04-20 15:40:13] main.INFO: Add of item with id Magento_SalesRule::promo_quote was processed [] []
[2017-04-20 15:40:13] main.INFO: Add of item with id Magento_Paypal::report_salesroot_paypal_settlement_reports was processed [] []
[2017-04-20 15:40:13] main.INFO: Add of item with id Magento_Paypal::paypal_billing_agreement was processed [] []
[2017-04-20 15:40:13] main.INFO: Add of item with id Magento_Reports::report was processed [] []
[2017-04-20 15:40:13] main.INFO: Add of item with id Magento_Reports::report_marketing was processed [] []
[2017-04-20 15:40:13] main.INFO: Add of item with id Magento_Reports::report_salesroot was processed [] []
[2017-04-20 15:40:13] main.INFO: Add of item with id Magento_Reports::report_salesroot_sales was processed [] []
[2017-04-20 15:40:13] main.INFO: Add of item with id Magento_Reports::report_salesroot_tax was processed [] []
[2017-04-20 15:40:13] main.INFO: Add of item with id Magento_Reports::report_salesroot_invoiced was processed [] []
[2017-04-20 15:40:13] main.INFO: Add of item with id Magento_Reports::report_salesroot_shipping was processed [] []
[2017-04-20 15:40:13] main.INFO: Add of item with id Magento_Reports::report_salesroot_refunded was processed [] []
[2017-04-20 15:40:13] main.INFO: Add of item with id Magento_Reports::report_salesroot_coupons was processed [] []
[2017-04-20 15:40:13] main.INFO: Add of item with id Magento_Reports::report_shopcart_product was processed [] []
[2017-04-20 15:40:13] main.INFO: Add of item with id Magento_Reports::report_shopcart_abandoned was processed [] []
[2017-04-20 15:40:13] main.INFO: Add of item with id Magento_Reports::report_products was processed [] []
[2017-04-20 15:40:13] main.INFO: Add of item with id Magento_Reports::report_products_bestsellers was processed [] []
[2017-04-20 15:40:13] main.INFO: Add of item with id Magento_Reports::report_products_sold was processed [] []
[2017-04-20 15:40:13] main.INFO: Add of item with id Magento_Reports::report_products_viewed was processed [] []
[2017-04-20 15:40:13] main.INFO: Add of item with id Magento_Reports::report_products_lowstock was processed [] []
[2017-04-20 15:40:13] main.INFO: Add of item with id Magento_Reports::report_customers was processed [] []
[2017-04-20 15:40:13] main.INFO: Add of item with id Magento_Reports::report_customers_accounts was processed [] []
[2017-04-20 15:40:13] main.INFO: Add of item with id Magento_Reports::report_customers_totals was processed [] []
[2017-04-20 15:40:13] main.INFO: Add of item with id Magento_Reports::report_customers_orders was processed [] []
[2017-04-20 15:40:13] main.INFO: Add of item with id Magento_Reports::report_statistics was processed [] []
[2017-04-20 15:40:13] main.INFO: Add of item with id Magento_Reports::report_statistics_refresh was processed [] []
[2017-04-20 15:40:13] main.INFO: Add of item with id Magento_Search::report_search_term was processed [] []
[2017-04-20 15:40:13] main.INFO: Add of item with id Magento_Review::catalog_reviews_ratings_ratings was processed [] []
[2017-04-20 15:40:13] main.INFO: Add of item with id Magento_Review::catalog_reviews_ratings_reviews_all was processed [] []
[2017-04-20 15:40:13] main.INFO: Add of item with id Magento_Review::report_review was processed [] []
[2017-04-20 15:40:13] main.INFO: Add of item with id Magento_Review::report_review_customer was processed [] []
[2017-04-20 15:40:13] main.INFO: Add of item with id Magento_Review::report_review_product was processed [] []
[2017-04-20 15:40:13] main.INFO: Add of item with id Magento_Sitemap::catalog_sitemap was processed [] []
[2017-04-20 15:40:13] main.INFO: Add of item with id Magento_Tax::sales_tax was processed [] []
[2017-04-20 15:40:13] main.INFO: Add of item with id Magento_Tax::sales_tax_rules was processed [] []
[2017-04-20 15:40:13] main.INFO: Add of item with id Magento_Tax::sales_tax_rates was processed [] []
[2017-04-20 15:40:13] main.INFO: Add of item with id Magento_TaxImportExport::system_convert_tax was processed [] []
[2017-04-20 15:40:13] main.INFO: Add of item with id Magento_UrlRewrite::urlrewrite was processed [] []
[2017-04-20 15:40:13] main.INFO: Add of item with id Magento_EncryptionKey::system_crypt_key was processed [] []
[2017-04-20 15:40:13] main.INFO: Add of item with id Magento_Variable::system_variable was processed [] []
[2017-04-20 15:41:03] main.INFO: Item Magento_Backend::system_currency was removed [] []
[2017-04-20 15:41:03] main.INFO: Add of item with id Magento_Theme::system_design_theme was processed [] []
[2017-04-20 15:41:03] main.INFO: Add of item with id Magento_Backend::system_design_schedule was processed [] []
[2017-04-20 15:41:03] main.INFO: Add of item with id Magento_Backend::system_store was processed [] []
[2017-04-20 15:41:03] main.INFO: Add of item with id Magento_Backend::dashboard was processed [] []
[2017-04-20 15:41:03] main.INFO: Add of item with id Magento_Backend::system was processed [] []
[2017-04-20 15:41:03] main.INFO: Add of item with id Magento_Backend::system_tools was processed [] []
[2017-04-20 15:41:03] main.INFO: Add of item with id Magento_Backend::system_design was processed [] []
[2017-04-20 15:41:03] main.INFO: Add of item with id Magento_Backend::system_convert was processed [] []
[2017-04-20 15:41:03] main.INFO: Add of item with id Magento_Backend::system_cache was processed [] []
[2017-04-20 15:41:03] main.INFO: Add of item with id Magento_Backend::marketing was processed [] []
[2017-04-20 15:41:03] main.INFO: Add of item with id Magento_Backend::marketing_communications was processed [] []
[2017-04-20 15:41:03] main.INFO: Add of item with id Magento_Backend::marketing_seo was processed [] []
[2017-04-20 15:41:03] main.INFO: Add of item with id Magento_Backend::marketing_user_content was processed [] []
[2017-04-20 15:41:03] main.INFO: Add of item with id Magento_Backend::content was processed [] []
[2017-04-20 15:41:03] main.INFO: Add of item with id Magento_Backend::content_elements was processed [] []
[2017-04-20 15:41:03] main.INFO: Add of item with id Magento_Backend::stores was processed [] []
[2017-04-20 15:41:03] main.INFO: Add of item with id Magento_Backend::stores_settings was processed [] []
[2017-04-20 15:41:03] main.INFO: Add of item with id Magento_Backend::stores_attributes was processed [] []
[2017-04-20 15:41:03] main.INFO: Add of item with id Magento_Backend::other_settings was processed [] []
[2017-04-20 15:41:03] main.INFO: Add of item with id Magento_Backend::system_other_settings was processed [] []
[2017-04-20 15:41:03] main.INFO: Add of item with id Magento_Backend::setup_wizard was processed [] []
[2017-04-20 15:41:03] main.INFO: Add of item with id Magento_Backup::system_tools_backup was processed [] []
[2017-04-20 15:41:03] main.INFO: Add of item with id Magento_Customer::customer was processed [] []
[2017-04-20 15:41:03] main.INFO: Add of item with id Magento_Customer::customer_manage was processed [] []
[2017-04-20 15:41:03] main.INFO: Add of item with id Magento_Customer::customer_online was processed [] []
[2017-04-20 15:41:03] main.INFO: Add of item with id Magento_Customer::customer_group was processed [] []
[2017-04-20 15:41:03] main.INFO: Add of item with id Magento_AdminNotification::system_adminnotification was processed [] []
[2017-04-20 15:41:03] main.INFO: Add of item with id Magento_Indexer::system_index was processed [] []
[2017-04-20 15:41:03] main.INFO: Add of item with id Magento_Cms::cms_page was processed [] []
[2017-04-20 15:41:03] main.INFO: Add of item with id Magento_Cms::cms_block was processed [] []
[2017-04-20 15:41:03] main.INFO: Add of item with id Magento_Catalog::catalog was processed [] []
[2017-04-20 15:41:03] main.INFO: Add of item with id Magento_Catalog::catalog_products was processed [] []
[2017-04-20 15:41:03] main.INFO: Add of item with id Magento_Catalog::catalog_categories was processed [] []
[2017-04-20 15:41:03] main.INFO: Add of item with id Magento_Catalog::catalog_attributes_attributes was processed [] []
[2017-04-20 15:41:03] main.INFO: Add of item with id Magento_Catalog::catalog_attributes_sets was processed [] []
[2017-04-20 15:41:03] main.INFO: Add of item with id Magento_Catalog::inventory was processed [] []
[2017-04-20 15:41:03] main.INFO: Add of item with id Magento_Search::search_terms was processed [] []
[2017-04-20 15:41:03] main.INFO: Add of item with id Magento_Widget::cms_widget_instance was processed [] []
[2017-04-20 15:41:03] main.INFO: Add of item with id Magento_CheckoutAgreements::sales_checkoutagreement was processed [] []
[2017-04-20 15:41:03] main.INFO: Add of item with id Magento_Config::system_config was processed [] []
[2017-04-20 15:41:03] main.INFO: Add of item with id Magento_CurrencySymbol::system_currency was processed [] []
[2017-04-20 15:41:03] main.INFO: Add of item with id Magento_CurrencySymbol::system_currency_rates was processed [] []
[2017-04-20 15:41:03] main.INFO: Add of item with id Magento_CurrencySymbol::system_currency_symbols was processed [] []
[2017-04-20 15:41:03] main.INFO: Add of item with id Magento_Downloadable::report_products_downloads was processed [] []
[2017-04-20 15:41:03] main.INFO: Add of item with id Magento_ImportExport::system_convert_import was processed [] []
[2017-04-20 15:41:03] main.INFO: Add of item with id Magento_ImportExport::system_convert_export was processed [] []
[2017-04-20 15:41:03] main.INFO: Add of item with id Magento_ImportExport::system_convert_history was processed [] []
[2017-04-20 15:41:03] main.INFO: Add of item with id Magento_Email::template was processed [] []
[2017-04-20 15:41:03] main.INFO: Add of item with id Magento_User::system_acl was processed [] []
[2017-04-20 15:41:03] main.INFO: Add of item with id Magento_User::system_acl_users was processed [] []
[2017-04-20 15:41:03] main.INFO: Add of item with id Magento_User::system_acl_roles was processed [] []
[2017-04-20 15:41:03] main.INFO: Add of item with id Magento_User::system_acl_locks was processed [] []
[2017-04-20 15:41:03] main.INFO: Add of item with id Magento_Sales::sales was processed [] []
[2017-04-20 15:41:03] main.INFO: Add of item with id Magento_Sales::sales_operation was processed [] []
[2017-04-20 15:41:03] main.INFO: Add of item with id Magento_Sales::sales_order was processed [] []
[2017-04-20 15:41:03] main.INFO: Add of item with id Magento_Sales::sales_invoice was processed [] []
[2017-04-20 15:41:03] main.INFO: Add of item with id Magento_Sales::sales_shipment was processed [] []
[2017-04-20 15:41:03] main.INFO: Add of item with id Magento_Sales::sales_creditmemo was processed [] []
[2017-04-20 15:41:03] main.INFO: Add of item with id Magento_Sales::sales_transactions was processed [] []
[2017-04-20 15:41:03] main.INFO: Add of item with id Magento_Sales::system_order_statuses was processed [] []
[2017-04-20 15:41:03] main.INFO: Add of item with id Magento_Integration::system_extensions was processed [] []
[2017-04-20 15:41:03] main.INFO: Add of item with id Magento_Integration::system_integrations was processed [] []
[2017-04-20 15:41:03] main.INFO: Add of item with id Magento_Marketplace::partners was processed [] []
[2017-04-20 15:41:03] main.INFO: Add of item with id Magento_CatalogRule::promo was processed [] []
[2017-04-20 15:41:03] main.INFO: Add of item with id Magento_CatalogRule::promo_catalog was processed [] []
[2017-04-20 15:41:03] main.INFO: Add of item with id Magento_Newsletter::newsletter_template was processed [] []
[2017-04-20 15:41:03] main.INFO: Add of item with id Magento_Newsletter::newsletter_queue was processed [] []
[2017-04-20 15:41:03] main.INFO: Add of item with id Magento_Newsletter::newsletter_subscriber was processed [] []
[2017-04-20 15:41:03] main.INFO: Add of item with id Magento_Newsletter::newsletter_problem was processed [] []
[2017-04-20 15:41:03] main.INFO: Add of item with id Magento_SalesRule::promo_quote was processed [] []
[2017-04-20 15:41:03] main.INFO: Add of item with id Magento_Paypal::report_salesroot_paypal_settlement_reports was processed [] []
[2017-04-20 15:41:03] main.INFO: Add of item with id Magento_Paypal::paypal_billing_agreement was processed [] []
[2017-04-20 15:41:03] main.INFO: Add of item with id Magento_Reports::report was processed [] []
[2017-04-20 15:41:03] main.INFO: Add of item with id Magento_Reports::report_marketing was processed [] []
[2017-04-20 15:41:03] main.INFO: Add of item with id Magento_Reports::report_salesroot was processed [] []
[2017-04-20 15:41:03] main.INFO: Add of item with id Magento_Reports::report_salesroot_sales was processed [] []
[2017-04-20 15:41:03] main.INFO: Add of item with id Magento_Reports::report_salesroot_tax was processed [] []
[2017-04-20 15:41:03] main.INFO: Add of item with id Magento_Reports::report_salesroot_invoiced was processed [] []
[2017-04-20 15:41:03] main.INFO: Add of item with id Magento_Reports::report_salesroot_shipping was processed [] []
[2017-04-20 15:41:03] main.INFO: Add of item with id Magento_Reports::report_salesroot_refunded was processed [] []
[2017-04-20 15:41:03] main.INFO: Add of item with id Magento_Reports::report_salesroot_coupons was processed [] []
[2017-04-20 15:41:03] main.INFO: Add of item with id Magento_Reports::report_shopcart_product was processed [] []
[2017-04-20 15:41:03] main.INFO: Add of item with id Magento_Reports::report_shopcart_abandoned was processed [] []
[2017-04-20 15:41:03] main.INFO: Add of item with id Magento_Reports::report_products was processed [] []
[2017-04-20 15:41:03] main.INFO: Add of item with id Magento_Reports::report_products_bestsellers was processed [] []
[2017-04-20 15:41:03] main.INFO: Add of item with id Magento_Reports::report_products_sold was processed [] []
[2017-04-20 15:41:03] main.INFO: Add of item with id Magento_Reports::report_products_viewed was processed [] []
[2017-04-20 15:41:03] main.INFO: Add of item with id Magento_Reports::report_products_lowstock was processed [] []
[2017-04-20 15:41:03] main.INFO: Add of item with id Magento_Reports::report_customers was processed [] []
[2017-04-20 15:41:03] main.INFO: Add of item with id Magento_Reports::report_customers_accounts was processed [] []
[2017-04-20 15:41:03] main.INFO: Add of item with id Magento_Reports::report_customers_totals was processed [] []
[2017-04-20 15:41:03] main.INFO: Add of item with id Magento_Reports::report_customers_orders was processed [] []
[2017-04-20 15:41:03] main.INFO: Add of item with id Magento_Reports::report_statistics was processed [] []
[2017-04-20 15:41:03] main.INFO: Add of item with id Magento_Reports::report_statistics_refresh was processed [] []
[2017-04-20 15:41:03] main.INFO: Add of item with id Magento_Search::report_search_term was processed [] []
[2017-04-20 15:41:03] main.INFO: Add of item with id Magento_Review::catalog_reviews_ratings_ratings was processed [] []
[2017-04-20 15:41:03] main.INFO: Add of item with id Magento_Review::catalog_reviews_ratings_reviews_all was processed [] []
[2017-04-20 15:41:03] main.INFO: Add of item with id Magento_Review::report_review was processed [] []
[2017-04-20 15:41:03] main.INFO: Add of item with id Magento_Review::report_review_customer was processed [] []
[2017-04-20 15:41:03] main.INFO: Add of item with id Magento_Review::report_review_product was processed [] []
[2017-04-20 15:41:03] main.INFO: Add of item with id Magento_Sitemap::catalog_sitemap was processed [] []
[2017-04-20 15:41:03] main.INFO: Add of item with id Magento_Tax::sales_tax was processed [] []
[2017-04-20 15:41:03] main.INFO: Add of item with id Magento_Tax::sales_tax_rules was processed [] []
[2017-04-20 15:41:03] main.INFO: Add of item with id Magento_Tax::sales_tax_rates was processed [] []
[2017-04-20 15:41:03] main.INFO: Add of item with id Magento_TaxImportExport::system_convert_tax was processed [] []
[2017-04-20 15:41:03] main.INFO: Add of item with id Magento_UrlRewrite::urlrewrite was processed [] []
[2017-04-20 15:41:03] main.INFO: Add of item with id Magento_EncryptionKey::system_crypt_key was processed [] []
[2017-04-20 15:41:03] main.INFO: Add of item with id Magento_Variable::system_variable was processed [] []
[2017-04-20 15:46:48] main.INFO: Cache file with merged layout: LAYOUT_frontend_STORE1_2c7461af04bb11fe209659d7147d2c579: Please correct the XML data and try again.  [] []
[2017-04-20 15:46:48] main.INFO: Cache file with merged layout: LAYOUT_frontend_STORE1_20a98983867a1770682b48d9a0ad63441: Please correct the XML data and try again.  [] []
[2017-04-20 15:46:48] main.CRITICAL: Broken reference: the 'catalog.compare.sidebar' element cannot be added as child to 'sidebar.additional', because the latter doesn't exist [] []
[2017-04-20 15:46:48] main.CRITICAL: Broken reference: the 'sale.reorder.sidebar' element cannot be added as child to 'sidebar.additional', because the latter doesn't exist [] []
[2017-04-20 15:46:48] main.CRITICAL: Broken reference: the 'wishlist_sidebar' element cannot be added as child to 'sidebar.additional', because the latter doesn't exist [] []
[2017-04-20 15:46:48] main.CRITICAL: Broken reference: the 'paypal.partner.right.logo' element cannot be added as child to 'sidebar.additional', because the latter doesn't exist [] []
[2017-04-20 15:46:48] main.CRITICAL: Broken reference: the 'bml.right.logo' element cannot be added as child to 'sidebar.additional', because the latter doesn't exist [] []
[2017-04-20 15:46:48] main.CRITICAL: Broken reference: the 'store.settings.currency' tries to reorder itself towards 'store_language', but their parents are different: 'store.settings' and 'header.panel' respectively. [] []
[2017-04-20 15:46:52] main.INFO: Cache file with merged layout: LAYOUT_frontend_STORE1_26f1b068ec7ccf4878f9284dd1137afd1: Please correct the XML data and try again.  [] []
[2017-04-20 15:54:56] main.INFO: Cache file with merged layout: LAYOUT_adminhtml_STORE1_3c470299521325284ed2f872fb317d47b: Please correct the XML data and try again.  [] []
[2017-04-20 15:54:56] main.INFO: Cache file with merged layout: LAYOUT_adminhtml_STORE1_331b80c99f1d265b3f83441bdff2abf85: Please correct the XML data and try again.  [] []
[2017-04-20 15:54:56] main.CRITICAL: Broken reference: the 'global_notices' element cannot be added as child to 'global.notices', because the latter doesn't exist [] []
[2017-04-20 15:54:56] main.CRITICAL: Broken reference: the 'logo' element cannot be added as child to 'header', because the latter doesn't exist [] []
[2017-04-20 15:54:56] main.CRITICAL: Broken reference: the 'global.search' element cannot be added as child to 'header', because the latter doesn't exist [] []
[2017-04-20 15:54:56] main.CRITICAL: Broken reference: the 'user' element cannot be added as child to 'header', because the latter doesn't exist [] []
[2017-04-20 15:54:56] main.CRITICAL: Broken reference: the 'menu' element cannot be added as child to 'page.menu', because the latter doesn't exist [] []
[2017-04-20 15:54:56] main.CRITICAL: Broken reference: the 'breadcrumbs' element cannot be added as child to 'page.breadcrumbs', because the latter doesn't exist [] []
[2017-04-20 15:54:56] main.CRITICAL: Broken reference: the 'formkey' element cannot be added as child to 'page.formkey', because the latter doesn't exist [] []
[2017-04-20 15:54:56] main.CRITICAL: Broken reference: the 'page.title' element cannot be added as child to 'main.top', because the latter doesn't exist [] []
[2017-04-20 15:54:56] main.CRITICAL: Broken reference: the 'messages' element cannot be added as child to 'page.messages', because the latter doesn't exist [] []
[2017-04-20 15:54:56] main.CRITICAL: Broken reference: the 'page.actions.toolbar' element cannot be added as child to 'page.main.actions', because the latter doesn't exist [] []
[2017-04-20 15:54:56] main.CRITICAL: Broken reference: the 'legal' element cannot be added as child to 'footer', because the latter doesn't exist [] []
[2017-04-20 15:54:56] main.CRITICAL: Broken reference: the 'system_messages' element cannot be added as child to 'notifications', because the latter doesn't exist [] []
[2017-04-20 15:54:56] main.CRITICAL: Broken reference: the 'unread_system_messages' element cannot be added as child to 'notifications', because the latter doesn't exist [] []
[2017-04-20 15:54:56] main.CRITICAL: Broken reference: the 'notification_window' element cannot be added as child to 'notifications', because the latter doesn't exist [] []
[2017-04-20 15:54:56] main.CRITICAL: Broken reference: the 'notification.messages' element cannot be added as child to 'header', because the latter doesn't exist [] []
[2017-04-20 15:54:56] main.CRITICAL: Broken reference: the 'header.inner.left' element cannot be added as child to 'header', because the latter doesn't exist [] []
[2017-04-20 15:54:56] main.CRITICAL: Broken reference: the 'header.inner.right' element cannot be added as child to 'header', because the latter doesn't exist [] []
[2017-04-20 15:54:56] main.CRITICAL: Broken reference: the 'logo' tries to reorder itself towards '', but their parents are different: 'header' and '' respectively. [] []
[2017-04-20 15:54:56] main.CRITICAL: Broken reference: the 'global.search' tries to reorder itself towards 'logo', but their parents are different: 'header' and '' respectively. [] []
[2017-04-20 15:54:56] main.CRITICAL: Broken reference: the 'user' tries to reorder itself towards '', but their parents are different: 'header' and '' respectively. [] []
[2017-04-20 15:54:56] main.CRITICAL: Broken reference: the 'page.actions.toolbar' tries to reorder itself towards '', but their parents are different: 'page.main.actions' and '' respectively. [] []
[2017-04-20 15:54:56] main.CRITICAL: Broken reference: the 'system_messages' tries to reorder itself towards '', but their parents are different: 'notifications' and '' respectively. [] []
[2017-04-20 15:54:56] main.CRITICAL: Broken reference: the 'unread_system_messages' tries to reorder itself towards 'system_messages', but their parents are different: 'notifications' and '' respectively. [] []
[2017-04-20 15:54:56] main.CRITICAL: Broken reference: the 'notification.messages' tries to reorder itself towards 'user', but their parents are different: 'header' and '' respectively. [] []
[2017-04-20 15:54:56] main.CRITICAL: Broken reference: the 'header.inner.left' tries to reorder itself towards '', but their parents are different: 'header' and '' respectively. [] []
[2017-04-20 15:54:56] main.CRITICAL: Broken reference: the 'header.inner.right' tries to reorder itself towards 'header.inner.left', but their parents are different: 'header' and '' respectively. [] []
[2017-04-20 15:54:56] main.CRITICAL: Broken reference: the 'global.search' tries to reorder itself towards 'notification.messages', but their parents are different: 'header.inner.right' and '' respectively. [] []
[2017-04-20 15:54:57] main.INFO: Cache file with merged layout: LAYOUT_adminhtml_STORE1_36f1b068ec7ccf4878f9284dd1137afd1: Please correct the XML data and try again.  [] []
[2017-04-20 15:55:43] main.CRITICAL: Broken reference: the 'global_notices' element cannot be added as child to 'global.notices', because the latter doesn't exist [] []
[2017-04-20 15:55:43] main.CRITICAL: Broken reference: the 'logo' element cannot be added as child to 'header', because the latter doesn't exist [] []
[2017-04-20 15:55:43] main.CRITICAL: Broken reference: the 'global.search' element cannot be added as child to 'header', because the latter doesn't exist [] []
[2017-04-20 15:55:43] main.CRITICAL: Broken reference: the 'user' element cannot be added as child to 'header', because the latter doesn't exist [] []
[2017-04-20 15:55:43] main.CRITICAL: Broken reference: the 'menu' element cannot be added as child to 'page.menu', because the latter doesn't exist [] []
[2017-04-20 15:55:43] main.CRITICAL: Broken reference: the 'breadcrumbs' element cannot be added as child to 'page.breadcrumbs', because the latter doesn't exist [] []
[2017-04-20 15:55:43] main.CRITICAL: Broken reference: the 'formkey' element cannot be added as child to 'page.formkey', because the latter doesn't exist [] []
[2017-04-20 15:55:43] main.CRITICAL: Broken reference: the 'page.title' element cannot be added as child to 'main.top', because the latter doesn't exist [] []
[2017-04-20 15:55:43] main.CRITICAL: Broken reference: the 'messages' element cannot be added as child to 'page.messages', because the latter doesn't exist [] []
[2017-04-20 15:55:43] main.CRITICAL: Broken reference: the 'page.actions.toolbar' element cannot be added as child to 'page.main.actions', because the latter doesn't exist [] []
[2017-04-20 15:55:43] main.CRITICAL: Broken reference: the 'legal' element cannot be added as child to 'footer', because the latter doesn't exist [] []
[2017-04-20 15:55:43] main.CRITICAL: Broken reference: the 'system_messages' element cannot be added as child to 'notifications', because the latter doesn't exist [] []
[2017-04-20 15:55:43] main.CRITICAL: Broken reference: the 'unread_system_messages' element cannot be added as child to 'notifications', because the latter doesn't exist [] []
[2017-04-20 15:55:43] main.CRITICAL: Broken reference: the 'notification_window' element cannot be added as child to 'notifications', because the latter doesn't exist [] []
[2017-04-20 15:55:43] main.CRITICAL: Broken reference: the 'notification.messages' element cannot be added as child to 'header', because the latter doesn't exist [] []
[2017-04-20 15:55:43] main.CRITICAL: Broken reference: the 'header.inner.left' element cannot be added as child to 'header', because the latter doesn't exist [] []
[2017-04-20 15:55:43] main.CRITICAL: Broken reference: the 'header.inner.right' element cannot be added as child to 'header', because the latter doesn't exist [] []
[2017-04-20 15:55:43] main.CRITICAL: Broken reference: the 'logo' tries to reorder itself towards '', but their parents are different: 'header' and '' respectively. [] []
[2017-04-20 15:55:43] main.CRITICAL: Broken reference: the 'global.search' tries to reorder itself towards 'logo', but their parents are different: 'header' and '' respectively. [] []
[2017-04-20 15:55:43] main.CRITICAL: Broken reference: the 'user' tries to reorder itself towards '', but their parents are different: 'header' and '' respectively. [] []
[2017-04-20 15:55:43] main.CRITICAL: Broken reference: the 'page.actions.toolbar' tries to reorder itself towards '', but their parents are different: 'page.main.actions' and '' respectively. [] []
[2017-04-20 15:55:43] main.CRITICAL: Broken reference: the 'system_messages' tries to reorder itself towards '', but their parents are different: 'notifications' and '' respectively. [] []
[2017-04-20 15:55:43] main.CRITICAL: Broken reference: the 'unread_system_messages' tries to reorder itself towards 'system_messages', but their parents are different: 'notifications' and '' respectively. [] []
[2017-04-20 15:55:43] main.CRITICAL: Broken reference: the 'notification.messages' tries to reorder itself towards 'user', but their parents are different: 'header' and '' respectively. [] []
[2017-04-20 15:55:43] main.CRITICAL: Broken reference: the 'header.inner.left' tries to reorder itself towards '', but their parents are different: 'header' and '' respectively. [] []
[2017-04-20 15:55:43] main.CRITICAL: Broken reference: the 'header.inner.right' tries to reorder itself towards 'header.inner.left', but their parents are different: 'header' and '' respectively. [] []
[2017-04-20 15:55:43] main.CRITICAL: Broken reference: the 'global.search' tries to reorder itself towards 'notification.messages', but their parents are different: 'header.inner.right' and '' respectively. [] []
[2017-04-20 15:55:51] main.CRITICAL: Broken reference: the 'global_notices' element cannot be added as child to 'global.notices', because the latter doesn't exist [] []
[2017-04-20 15:55:51] main.CRITICAL: Broken reference: the 'logo' element cannot be added as child to 'header', because the latter doesn't exist [] []
[2017-04-20 15:55:51] main.CRITICAL: Broken reference: the 'global.search' element cannot be added as child to 'header', because the latter doesn't exist [] []
[2017-04-20 15:55:51] main.CRITICAL: Broken reference: the 'user' element cannot be added as child to 'header', because the latter doesn't exist [] []
[2017-04-20 15:55:51] main.CRITICAL: Broken reference: the 'menu' element cannot be added as child to 'page.menu', because the latter doesn't exist [] []
[2017-04-20 15:55:51] main.CRITICAL: Broken reference: the 'breadcrumbs' element cannot be added as child to 'page.breadcrumbs', because the latter doesn't exist [] []
[2017-04-20 15:55:51] main.CRITICAL: Broken reference: the 'formkey' element cannot be added as child to 'page.formkey', because the latter doesn't exist [] []
[2017-04-20 15:55:51] main.CRITICAL: Broken reference: the 'page.title' element cannot be added as child to 'main.top', because the latter doesn't exist [] []
[2017-04-20 15:55:51] main.CRITICAL: Broken reference: the 'messages' element cannot be added as child to 'page.messages', because the latter doesn't exist [] []
[2017-04-20 15:55:51] main.CRITICAL: Broken reference: the 'page.actions.toolbar' element cannot be added as child to 'page.main.actions', because the latter doesn't exist [] []
[2017-04-20 15:55:51] main.CRITICAL: Broken reference: the 'legal' element cannot be added as child to 'footer', because the latter doesn't exist [] []
[2017-04-20 15:55:51] main.CRITICAL: Broken reference: the 'system_messages' element cannot be added as child to 'notifications', because the latter doesn't exist [] []
[2017-04-20 15:55:51] main.CRITICAL: Broken reference: the 'unread_system_messages' element cannot be added as child to 'notifications', because the latter doesn't exist [] []
[2017-04-20 15:55:51] main.CRITICAL: Broken reference: the 'notification_window' element cannot be added as child to 'notifications', because the latter doesn't exist [] []
[2017-04-20 15:55:51] main.CRITICAL: Broken reference: the 'notification.messages' element cannot be added as child to 'header', because the latter doesn't exist [] []
[2017-04-20 15:55:51] main.CRITICAL: Broken reference: the 'header.inner.left' element cannot be added as child to 'header', because the latter doesn't exist [] []
[2017-04-20 15:55:51] main.CRITICAL: Broken reference: the 'header.inner.right' element cannot be added as child to 'header', because the latter doesn't exist [] []
[2017-04-20 15:55:51] main.CRITICAL: Broken reference: the 'logo' tries to reorder itself towards '', but their parents are different: 'header' and '' respectively. [] []
[2017-04-20 15:55:51] main.CRITICAL: Broken reference: the 'global.search' tries to reorder itself towards 'logo', but their parents are different: 'header' and '' respectively. [] []
[2017-04-20 15:55:51] main.CRITICAL: Broken reference: the 'user' tries to reorder itself towards '', but their parents are different: 'header' and '' respectively. [] []
[2017-04-20 15:55:51] main.CRITICAL: Broken reference: the 'page.actions.toolbar' tries to reorder itself towards '', but their parents are different: 'page.main.actions' and '' respectively. [] []
[2017-04-20 15:55:51] main.CRITICAL: Broken reference: the 'system_messages' tries to reorder itself towards '', but their parents are different: 'notifications' and '' respectively. [] []
[2017-04-20 15:55:51] main.CRITICAL: Broken reference: the 'unread_system_messages' tries to reorder itself towards 'system_messages', but their parents are different: 'notifications' and '' respectively. [] []
[2017-04-20 15:55:51] main.CRITICAL: Broken reference: the 'notification.messages' tries to reorder itself towards 'user', but their parents are different: 'header' and '' respectively. [] []
[2017-04-20 15:55:51] main.CRITICAL: Broken reference: the 'header.inner.left' tries to reorder itself towards '', but their parents are different: 'header' and '' respectively. [] []
[2017-04-20 15:55:51] main.CRITICAL: Broken reference: the 'header.inner.right' tries to reorder itself towards 'header.inner.left', but their parents are different: 'header' and '' respectively. [] []
[2017-04-20 15:55:51] main.CRITICAL: Broken reference: the 'global.search' tries to reorder itself towards 'notification.messages', but their parents are different: 'header.inner.right' and '' respectively. [] []
[2017-04-20 15:56:33] main.INFO: Item Magento_Backend::system_currency was removed [] []
[2017-04-20 15:56:33] main.INFO: Add of item with id Magento_Theme::system_design_theme was processed [] []
[2017-04-20 15:56:33] main.INFO: Add of item with id Magento_Backend::system_design_schedule was processed [] []
[2017-04-20 15:56:33] main.INFO: Add of item with id Magento_Backend::system_store was processed [] []
[2017-04-20 15:56:33] main.INFO: Add of item with id Magento_Backend::dashboard was processed [] []
[2017-04-20 15:56:33] main.INFO: Add of item with id Magento_Backend::system was processed [] []
[2017-04-20 15:56:33] main.INFO: Add of item with id Magento_Backend::system_tools was processed [] []
[2017-04-20 15:56:33] main.INFO: Add of item with id Magento_Backend::system_design was processed [] []
[2017-04-20 15:56:33] main.INFO: Add of item with id Magento_Backend::system_convert was processed [] []
[2017-04-20 15:56:33] main.INFO: Add of item with id Magento_Backend::system_cache was processed [] []
[2017-04-20 15:56:33] main.INFO: Add of item with id Magento_Backend::marketing was processed [] []
[2017-04-20 15:56:33] main.INFO: Add of item with id Magento_Backend::marketing_communications was processed [] []
[2017-04-20 15:56:33] main.INFO: Add of item with id Magento_Backend::marketing_seo was processed [] []
[2017-04-20 15:56:33] main.INFO: Add of item with id Magento_Backend::marketing_user_content was processed [] []
[2017-04-20 15:56:33] main.INFO: Add of item with id Magento_Backend::content was processed [] []
[2017-04-20 15:56:33] main.INFO: Add of item with id Magento_Backend::content_elements was processed [] []
[2017-04-20 15:56:33] main.INFO: Add of item with id Magento_Backend::stores was processed [] []
[2017-04-20 15:56:33] main.INFO: Add of item with id Magento_Backend::stores_settings was processed [] []
[2017-04-20 15:56:33] main.INFO: Add of item with id Magento_Backend::stores_attributes was processed [] []
[2017-04-20 15:56:33] main.INFO: Add of item with id Magento_Backend::other_settings was processed [] []
[2017-04-20 15:56:33] main.INFO: Add of item with id Magento_Backend::system_other_settings was processed [] []
[2017-04-20 15:56:33] main.INFO: Add of item with id Magento_Backend::setup_wizard was processed [] []
[2017-04-20 15:56:33] main.INFO: Add of item with id Magento_Customer::customer was processed [] []
[2017-04-20 15:56:33] main.INFO: Add of item with id Magento_Customer::customer_manage was processed [] []
[2017-04-20 15:56:33] main.INFO: Add of item with id Magento_Customer::customer_online was processed [] []
[2017-04-20 15:56:33] main.INFO: Add of item with id Magento_Customer::customer_group was processed [] []
[2017-04-20 15:56:33] main.INFO: Add of item with id Magento_Backup::system_tools_backup was processed [] []
[2017-04-20 15:56:33] main.INFO: Add of item with id Magento_AdminNotification::system_adminnotification was processed [] []
[2017-04-20 15:56:33] main.INFO: Add of item with id Magento_Indexer::system_index was processed [] []
[2017-04-20 15:56:33] main.INFO: Add of item with id Magento_Cms::cms_page was processed [] []
[2017-04-20 15:56:33] main.INFO: Add of item with id Magento_Cms::cms_block was processed [] []
[2017-04-20 15:56:33] main.INFO: Add of item with id Magento_Catalog::catalog was processed [] []
[2017-04-20 15:56:33] main.INFO: Add of item with id Magento_Catalog::catalog_products was processed [] []
[2017-04-20 15:56:33] main.INFO: Add of item with id Magento_Catalog::catalog_categories was processed [] []
[2017-04-20 15:56:33] main.INFO: Add of item with id Magento_Catalog::catalog_attributes_attributes was processed [] []
[2017-04-20 15:56:33] main.INFO: Add of item with id Magento_Catalog::catalog_attributes_sets was processed [] []
[2017-04-20 15:56:33] main.INFO: Add of item with id Magento_Catalog::inventory was processed [] []
[2017-04-20 15:56:33] main.INFO: Add of item with id Magento_CatalogRule::promo was processed [] []
[2017-04-20 15:56:33] main.INFO: Add of item with id Magento_CatalogRule::promo_catalog was processed [] []
[2017-04-20 15:56:33] main.INFO: Add of item with id Magento_Search::search_terms was processed [] []
[2017-04-20 15:56:33] main.INFO: Add of item with id Magento_Widget::cms_widget_instance was processed [] []
[2017-04-20 15:56:33] main.INFO: Add of item with id Magento_CheckoutAgreements::sales_checkoutagreement was processed [] []
[2017-04-20 15:56:33] main.INFO: Add of item with id Emthemes_Settings::emthemes_settings was processed [] []
[2017-04-20 15:56:33] main.INFO: Add of item with id Emthemes_Settings::themes_settings was processed [] []
[2017-04-20 15:56:33] main.INFO: Add of item with id Emthemes_Settings::extensions_settings was processed [] []
[2017-04-20 15:56:33] main.INFO: Add of item with id Emthemes_Settings::quickshop_elements was processed [] []
[2017-04-20 15:56:33] main.INFO: Add of item with id Emthemes_Settings::quickshopsettings was processed [] []
[2017-04-20 15:56:33] main.INFO: Add of item with id Emthemes_Settings::emthemes_demo was processed [] []
[2017-04-20 15:56:33] main.INFO: Add of item with id Magento_Config::system_config was processed [] []
[2017-04-20 15:56:33] main.INFO: Add of item with id Magento_CurrencySymbol::system_currency was processed [] []
[2017-04-20 15:56:33] main.INFO: Add of item with id Magento_CurrencySymbol::system_currency_rates was processed [] []
[2017-04-20 15:56:33] main.INFO: Add of item with id Magento_CurrencySymbol::system_currency_symbols was processed [] []
[2017-04-20 15:56:33] main.INFO: Add of item with id Emthemes_Settings::necessary_settings was processed [] []
[2017-04-20 15:56:33] main.INFO: Add of item with id Magento_Downloadable::report_products_downloads was processed [] []
[2017-04-20 15:56:33] main.INFO: Add of item with id Magento_ImportExport::system_convert_import was processed [] []
[2017-04-20 15:56:33] main.INFO: Add of item with id Magento_ImportExport::system_convert_export was processed [] []
[2017-04-20 15:56:33] main.INFO: Add of item with id Magento_ImportExport::system_convert_history was processed [] []
[2017-04-20 15:56:33] main.INFO: Add of item with id Magento_Email::template was processed [] []
[2017-04-20 15:56:33] main.INFO: Add of item with id Magento_User::system_acl was processed [] []
[2017-04-20 15:56:33] main.INFO: Add of item with id Magento_User::system_acl_users was processed [] []
[2017-04-20 15:56:33] main.INFO: Add of item with id Magento_User::system_acl_roles was processed [] []
[2017-04-20 15:56:33] main.INFO: Add of item with id Magento_User::system_acl_locks was processed [] []
[2017-04-20 15:56:33] main.INFO: Add of item with id Magento_Sales::sales was processed [] []
[2017-04-20 15:56:33] main.INFO: Add of item with id Magento_Sales::sales_operation was processed [] []
[2017-04-20 15:56:33] main.INFO: Add of item with id Magento_Sales::sales_order was processed [] []
[2017-04-20 15:56:33] main.INFO: Add of item with id Magento_Sales::sales_invoice was processed [] []
[2017-04-20 15:56:33] main.INFO: Add of item with id Magento_Sales::sales_shipment was processed [] []
[2017-04-20 15:56:33] main.INFO: Add of item with id Magento_Sales::sales_creditmemo was processed [] []
[2017-04-20 15:56:33] main.INFO: Add of item with id Magento_Sales::sales_transactions was processed [] []
[2017-04-20 15:56:33] main.INFO: Add of item with id Magento_Sales::system_order_statuses was processed [] []
[2017-04-20 15:56:33] main.INFO: Add of item with id Magento_Integration::system_extensions was processed [] []
[2017-04-20 15:56:33] main.INFO: Add of item with id Magento_Integration::system_integrations was processed [] []
[2017-04-20 15:56:33] main.INFO: Add of item with id Magento_Marketplace::partners was processed [] []
[2017-04-20 15:56:33] main.INFO: Add of item with id Magento_Newsletter::newsletter_template was processed [] []
[2017-04-20 15:56:33] main.INFO: Add of item with id Magento_Newsletter::newsletter_queue was processed [] []
[2017-04-20 15:56:33] main.INFO: Add of item with id Magento_Newsletter::newsletter_subscriber was processed [] []
[2017-04-20 15:56:33] main.INFO: Add of item with id Magento_Newsletter::newsletter_problem was processed [] []
[2017-04-20 15:56:33] main.INFO: Add of item with id Magento_SalesRule::promo_quote was processed [] []
[2017-04-20 15:56:33] main.INFO: Add of item with id Magento_Paypal::report_salesroot_paypal_settlement_reports was processed [] []
[2017-04-20 15:56:33] main.INFO: Add of item with id Magento_Paypal::paypal_billing_agreement was processed [] []
[2017-04-20 15:56:33] main.INFO: Add of item with id Magento_Reports::report was processed [] []
[2017-04-20 15:56:33] main.INFO: Add of item with id Magento_Reports::report_marketing was processed [] []
[2017-04-20 15:56:33] main.INFO: Add of item with id Magento_Reports::report_salesroot was processed [] []
[2017-04-20 15:56:33] main.INFO: Add of item with id Magento_Reports::report_salesroot_sales was processed [] []
[2017-04-20 15:56:33] main.INFO: Add of item with id Magento_Reports::report_salesroot_tax was processed [] []
[2017-04-20 15:56:33] main.INFO: Add of item with id Magento_Reports::report_salesroot_invoiced was processed [] []
[2017-04-20 15:56:33] main.INFO: Add of item with id Magento_Reports::report_salesroot_shipping was processed [] []
[2017-04-20 15:56:33] main.INFO: Add of item with id Magento_Reports::report_salesroot_refunded was processed [] []
[2017-04-20 15:56:33] main.INFO: Add of item with id Magento_Reports::report_salesroot_coupons was processed [] []
[2017-04-20 15:56:33] main.INFO: Add of item with id Magento_Reports::report_shopcart_product was processed [] []
[2017-04-20 15:56:33] main.INFO: Add of item with id Magento_Reports::report_shopcart_abandoned was processed [] []
[2017-04-20 15:56:33] main.INFO: Add of item with id Magento_Reports::report_products was processed [] []
[2017-04-20 15:56:33] main.INFO: Add of item with id Magento_Reports::report_products_bestsellers was processed [] []
[2017-04-20 15:56:33] main.INFO: Add of item with id Magento_Reports::report_products_sold was processed [] []
[2017-04-20 15:56:33] main.INFO: Add of item with id Magento_Reports::report_products_viewed was processed [] []
[2017-04-20 15:56:33] main.INFO: Add of item with id Magento_Reports::report_products_lowstock was processed [] []
[2017-04-20 15:56:33] main.INFO: Add of item with id Magento_Reports::report_customers was processed [] []
[2017-04-20 15:56:33] main.INFO: Add of item with id Magento_Reports::report_customers_accounts was processed [] []
[2017-04-20 15:56:33] main.INFO: Add of item with id Magento_Reports::report_customers_totals was processed [] []
[2017-04-20 15:56:33] main.INFO: Add of item with id Magento_Reports::report_customers_orders was processed [] []
[2017-04-20 15:56:33] main.INFO: Add of item with id Magento_Reports::report_statistics was processed [] []
[2017-04-20 15:56:33] main.INFO: Add of item with id Magento_Reports::report_statistics_refresh was processed [] []
[2017-04-20 15:56:33] main.INFO: Add of item with id Magento_Search::report_search_term was processed [] []
[2017-04-20 15:56:33] main.INFO: Add of item with id Magento_Review::catalog_reviews_ratings_ratings was processed [] []
[2017-04-20 15:56:33] main.INFO: Add of item with id Magento_Review::catalog_reviews_ratings_reviews_all was processed [] []
[2017-04-20 15:56:33] main.INFO: Add of item with id Magento_Review::report_review was processed [] []
[2017-04-20 15:56:33] main.INFO: Add of item with id Magento_Review::report_review_customer was processed [] []
[2017-04-20 15:56:33] main.INFO: Add of item with id Magento_Review::report_review_product was processed [] []
[2017-04-20 15:56:33] main.INFO: Add of item with id Magento_Sitemap::catalog_sitemap was processed [] []
[2017-04-20 15:56:33] main.INFO: Add of item with id Magento_Tax::sales_tax was processed [] []
[2017-04-20 15:56:33] main.INFO: Add of item with id Magento_Tax::sales_tax_rules was processed [] []
[2017-04-20 15:56:33] main.INFO: Add of item with id Magento_Tax::sales_tax_rates was processed [] []
[2017-04-20 15:56:33] main.INFO: Add of item with id Magento_TaxImportExport::system_convert_tax was processed [] []
[2017-04-20 15:56:33] main.INFO: Add of item with id Magento_UrlRewrite::urlrewrite was processed [] []
[2017-04-20 15:56:33] main.INFO: Add of item with id Magento_EncryptionKey::system_crypt_key was processed [] []
[2017-04-20 15:56:33] main.INFO: Add of item with id Magento_Variable::system_variable was processed [] []
[2017-04-20 15:56:34] main.INFO: Cache file with merged layout: LAYOUT_adminhtml_STORE1_391fccd54da687afc76a5d6559b714906: Please correct the XML data and try again.  [] []
[2017-04-20 15:56:34] main.INFO: Cache file with merged layout: LAYOUT_adminhtml_STORE1_3cf9ab1b1723bedc1dcd665a812b00335: Please correct the XML data and try again.  [] []
[2017-04-20 15:56:34] main.CRITICAL: Broken reference: the 'header' tries to reorder itself towards 'global.notices', but their parents are different: 'page.wrapper' and 'notices.wrapper' respectively. [] []
[2017-04-20 15:56:34] main.CRITICAL: Broken reference: the 'page.breadcrumbs' tries to reorder itself towards 'notifications', but their parents are different: 'page.wrapper' and 'notices.wrapper' respectively. [] []
[2017-04-20 15:56:34] main.CRITICAL: Broken reference: the 'global.search' tries to reorder itself towards 'notification.messages', but their parents are different: 'header.inner.right' and 'header' respectively. [] []
[2017-04-20 15:57:57] main.INFO: Cache file with merged layout: LAYOUT_adminhtml_STORE1_34a395ca98056393dcb20cd6f7443fe7a: Please correct the XML data and try again.  [] []
[2017-04-20 15:57:58] main.CRITICAL: Broken reference: the 'header' tries to reorder itself towards 'global.notices', but their parents are different: 'page.wrapper' and 'notices.wrapper' respectively. [] []
[2017-04-20 15:57:58] main.CRITICAL: Broken reference: the 'page.breadcrumbs' tries to reorder itself towards 'notifications', but their parents are different: 'page.wrapper' and 'notices.wrapper' respectively. [] []
[2017-04-20 15:57:58] main.CRITICAL: Broken reference: the 'global.search' tries to reorder itself towards 'notification.messages', but their parents are different: 'header.inner.right' and 'header' respectively. [] []
[2017-04-20 15:58:29] main.INFO: Cache file with merged layout: LAYOUT_adminhtml_STORE1_38f2268b2de1d343c3dd8ad137dd4b214: Please correct the XML data and try again.  [] []
[2017-04-20 15:58:29] main.INFO: Cache file with merged layout: LAYOUT_adminhtml_STORE1_3793edbdc1c00dd1c3aa9e1b3dc856b39: Please correct the XML data and try again.  [] []
[2017-04-20 15:58:29] main.CRITICAL: Broken reference: the 'header' tries to reorder itself towards 'global.notices', but their parents are different: 'page.wrapper' and 'notices.wrapper' respectively. [] []
[2017-04-20 15:58:29] main.CRITICAL: Broken reference: the 'page.breadcrumbs' tries to reorder itself towards 'notifications', but their parents are different: 'page.wrapper' and 'notices.wrapper' respectively. [] []
[2017-04-20 15:58:29] main.CRITICAL: Broken reference: the 'global.search' tries to reorder itself towards 'notification.messages', but their parents are different: 'header.inner.right' and 'header' respectively. [] []
[2017-04-20 15:58:39] main.CRITICAL: Broken reference: the 'header' tries to reorder itself towards 'global.notices', but their parents are different: 'page.wrapper' and 'notices.wrapper' respectively. [] []
[2017-04-20 15:58:39] main.CRITICAL: Broken reference: the 'page.breadcrumbs' tries to reorder itself towards 'notifications', but their parents are different: 'page.wrapper' and 'notices.wrapper' respectively. [] []
[2017-04-20 15:58:39] main.CRITICAL: Broken reference: the 'global.search' tries to reorder itself towards 'notification.messages', but their parents are different: 'header.inner.right' and 'header' respectively. [] []
[2017-04-20 15:59:06] main.INFO: Cache file with merged layout: LAYOUT_frontend_STORE1_43ebf85a005ed1e1f82c292e2e395b74f: Please correct the XML data and try again.  [] []
[2017-04-20 15:59:06] main.INFO: Cache file with merged layout: LAYOUT_frontend_STORE1_40a98983867a1770682b48d9a0ad63441: Please correct the XML data and try again.  [] []
[2017-04-20 15:59:06] main.CRITICAL: Broken reference: the 'catalog.compare.sidebar' element cannot be added as child to 'sidebar.additional', because the latter doesn't exist [] []
[2017-04-20 15:59:06] main.CRITICAL: Broken reference: the 'sale.reorder.sidebar' element cannot be added as child to 'sidebar.additional', because the latter doesn't exist [] []
[2017-04-20 15:59:06] main.CRITICAL: Broken reference: the 'wishlist_sidebar' element cannot be added as child to 'sidebar.additional', because the latter doesn't exist [] []
[2017-04-20 15:59:06] main.CRITICAL: Broken reference: the 'dddd1c2fc722b253b601a72cec62c6fd' element cannot be added as child to 'sidebar.additional', because the latter doesn't exist [] []
[2017-04-20 15:59:06] main.CRITICAL: Broken reference: the 'top.search' tries to reorder itself towards 'header.links', but their parents are different: 'header.panel' and '' respectively. [] []
[2017-04-20 15:59:06] main.CRITICAL: Broken reference: the 'navigation.sections' tries to reorder itself towards 'logo', but their parents are different: 'header-wrapper-container' and 'header-wrapper' respectively. [] []
[2017-04-20 15:59:06] main.CRITICAL: Broken reference: the 'store.settings.currency' tries to reorder itself towards 'store_language', but their parents are different: 'store.settings' and 'header.panel' respectively. [] []
[2017-04-20 15:59:06] main.CRITICAL: Broken reference: the 'mobile.top.search' tries to reorder itself towards 'minicart', but their parents are different: 'header-wrapper-container' and 'header-wrapper' respectively. [] []
[2017-04-20 15:59:06] main.INFO: Cache file with merged layout: LAYOUT_frontend_STORE1_46f1b068ec7ccf4878f9284dd1137afd1: Please correct the XML data and try again.  [] []
[2017-04-20 16:03:29] main.INFO: Cache file with merged layout: LAYOUT_adminhtml_STORE1_3859325ad59b4e90d2724c4a4dfb97ebd: Please correct the XML data and try again.  [] []
[2017-04-20 16:03:30] main.CRITICAL: Broken reference: the 'header' tries to reorder itself towards 'global.notices', but their parents are different: 'page.wrapper' and 'notices.wrapper' respectively. [] []
[2017-04-20 16:03:30] main.CRITICAL: Broken reference: the 'page.breadcrumbs' tries to reorder itself towards 'notifications', but their parents are different: 'page.wrapper' and 'notices.wrapper' respectively. [] []
[2017-04-20 16:03:30] main.CRITICAL: Broken reference: the 'global.search' tries to reorder itself towards 'notification.messages', but their parents are different: 'header.inner.right' and 'header' respectively. [] []
[2017-04-20 16:04:17] main.INFO: Cache file with merged layout: LAYOUT_adminhtml_STORE1_3d41d8cd98f00b204e9800998ecf8427e: Please correct the XML data and try again.  [] []
